2025-07-13 14:49:56,119 - StockTrainer - INFO - 开始训练，共 20 轮
2025-07-13 14:49:56,119 - StockTrainer - INFO - 设备: cpu
2025-07-13 14:49:56,119 - StockTrainer - INFO - 模型: LSTMModel
2025-07-13 14:49:56,171 - StockTrainer - INFO - Epoch 1/20 - Train Loss: 0.2961, Train Acc: 66.65% - Val Loss: 0.5125, Val Acc: 61.03%
2025-07-13 14:49:56,190 - StockTrainer - INFO - Epoch 2/20 - Train Loss: 0.1144, Train Acc: 79.58% - Val Loss: 0.1015, Val Acc: 82.91%
2025-07-13 14:49:56,211 - StockTrainer - INFO - Epoch 3/20 - Train Loss: 0.0674, Train Acc: 79.33% - Val Loss: 0.0619, Val Acc: 86.73%
2025-07-13 14:49:56,232 - StockTrainer - INFO - Epoch 4/20 - Train Loss: 0.0480, Train Acc: 84.24% - Val Loss: 0.1578, Val Acc: 78.56%
2025-07-13 14:49:56,253 - StockTrainer - INFO - Epoch 5/20 - Train Loss: 0.0466, Train Acc: 85.71% - Val Loss: 0.1003, Val Acc: 82.97%
2025-07-13 14:49:56,272 - StockTrainer - INFO - Epoch 6/20 - Train Loss: 0.0328, Train Acc: 86.30% - Val Loss: 0.0328, Val Acc: 90.37%
2025-07-13 14:49:56,292 - StockTrainer - INFO - Epoch 7/20 - Train Loss: 0.0263, Train Acc: 87.71% - Val Loss: 0.0470, Val Acc: 88.36%
2025-07-13 14:49:56,348 - StockTrainer - INFO - Epoch 8/20 - Train Loss: 0.0160, Train Acc: 91.00% - Val Loss: 0.0068, Val Acc: 95.59%
2025-07-13 14:49:56,374 - StockTrainer - INFO - Epoch 9/20 - Train Loss: 0.0097, Train Acc: 93.25% - Val Loss: 0.0116, Val Acc: 94.11%
2025-07-13 14:49:56,392 - StockTrainer - INFO - Epoch 10/20 - Train Loss: 0.0095, Train Acc: 93.80% - Val Loss: 0.0057, Val Acc: 95.83%
2025-07-13 14:49:56,410 - StockTrainer - INFO - Epoch 11/20 - Train Loss: 0.0091, Train Acc: 93.96% - Val Loss: 0.0049, Val Acc: 96.13%
2025-07-13 14:49:56,428 - StockTrainer - INFO - Epoch 12/20 - Train Loss: 0.0099, Train Acc: 93.52% - Val Loss: 0.0070, Val Acc: 95.48%
2025-07-13 14:49:56,446 - StockTrainer - INFO - Epoch 13/20 - Train Loss: 0.0087, Train Acc: 93.53% - Val Loss: 0.0126, Val Acc: 93.93%
2025-07-13 14:49:56,463 - StockTrainer - INFO - Epoch 14/20 - Train Loss: 0.0090, Train Acc: 93.92% - Val Loss: 0.0041, Val Acc: 96.53%
2025-07-13 14:49:56,481 - StockTrainer - INFO - Epoch 15/20 - Train Loss: 0.0086, Train Acc: 93.74% - Val Loss: 0.0105, Val Acc: 94.47%
2025-07-13 14:49:56,498 - StockTrainer - INFO - Epoch 16/20 - Train Loss: 0.0072, Train Acc: 94.30% - Val Loss: 0.0038, Val Acc: 96.65%
2025-07-13 14:49:56,515 - StockTrainer - INFO - Epoch 17/20 - Train Loss: 0.0079, Train Acc: 94.29% - Val Loss: 0.0067, Val Acc: 95.57%
2025-07-13 14:49:56,532 - StockTrainer - INFO - Epoch 18/20 - Train Loss: 0.0066, Train Acc: 94.71% - Val Loss: 0.0066, Val Acc: 95.60%
2025-07-13 14:49:56,549 - StockTrainer - INFO - Epoch 19/20 - Train Loss: 0.0072, Train Acc: 94.52% - Val Loss: 0.0067, Val Acc: 95.59%
2025-07-13 14:49:56,567 - StockTrainer - INFO - Epoch 20/20 - Train Loss: 0.0068, Train Acc: 94.66% - Val Loss: 0.0057, Val Acc: 95.94%
2025-07-13 14:49:56,567 - StockTrainer - INFO - 训练完成
2025-07-13 14:49:56,571 - StockTrainer - INFO - 模型已保存至: checkpoints/basic_model.pth
